= Host-specific information ====================================================
$> hostname; uname -msr
e1r7p12.unit.ua
Darwin 17.4.0 x86_64
$> date
Tue Jun  4 10:51:15 EEST 2019
$> gcc --version
Configured with: --prefix=/Applications/Xcode.app/Contents/Developer/usr --with-gxx-include-dir=/usr/include/c++/4.2.1
Apple LLVM version 9.0.0 (clang-900.0.39.2)
Target: x86_64-apple-darwin17.4.0
Thread model: posix
InstalledDir: /Applications/Xcode.app/Contents/Developer/Toolchains/XcodeDefault.xctoolchain/usr/bin
$> clang --version
Apple LLVM version 9.0.0 (clang-900.0.39.2)
Target: x86_64-apple-darwin17.4.0
Thread model: posix
InstalledDir: /Applications/Xcode.app/Contents/Developer/Toolchains/XcodeDefault.xctoolchain/usr/bin

= User files collection ========================================================
Collecting user files from Vogsphere
Repository URL: auto-exam/2019/c-exam-alone-in-the-dark-beginner/exam_20190604/mdanylch

= Git history ==================================================================
$> git -C /var/folders/3z/zdnp99t931n1zs6d2v8cv7300000gp/T/tmpevL_uz/user log --pretty='%H - %an, %ad : %s'
49c395431753af29e6c5d45c2a936b1f7d7ccfde - Exam 42, Tue Jun 4 10:50:03 2019 +0300 : changed len
98e3c293bdf9659d8bc971e0ad7d33071468b81e - Exam 42, Tue Jun 4 10:46:03 2019 +0300 : my brackets func
 
= Collected files ==========================================
$> ls -lAR /var/folders/3z/zdnp99t931n1zs6d2v8cv7300000gp/T/tmpevL_uz/user
total 8
-rw-r--r--  1 deepthought  deepthought  483 Jun  4 10:51 __GIT_HISTORY
drwxr-xr-x  3 deepthought  deepthought  102 Jun  4 10:51 brackets

/var/folders/3z/zdnp99t931n1zs6d2v8cv7300000gp/T/tmpevL_uz/user/brackets:
total 8
-rw-r--r--  1 deepthought  deepthought  1589 Jun  4 10:51 brackets.c
 
= brackets =====================================================================
$> /usr/bin/norminette  brackets.c | grep -E '^(Error|Warning)'

$> gcc -Wextra -Wall -Werror brackets.c -o user_exe 

= Test 1 ===================================================
$> ./dpcy8amf3rq3s1cv6ypnt2l0 '(toto)'
$> diff -U 3 user_output_test1 test1.output | cat -e

Diff OK :D
= Test 2 ===================================================
$> ./3pwmyk4blawe4vy0bpa16ua9 '([)]'
$> diff -U 3 user_output_test2 test2.output | cat -e

Diff OK :D
= Test 3 ===================================================
$> ./uyc7544ilv91y360glcu96km '' '{[(0 + 0)(1 + 1)](3*(-1)){()}}'
$> diff -U 3 user_output_test3 test3.output | cat -e

Diff OK :D
= Test 4 ===================================================
$> ./6yazxcn5unc8cno4h625667o 
$> diff -U 3 user_output_test4 test4.output | cat -e

Diff OK :D
= Test 5 ===================================================
$> ./3qaczgmc6a0wwt4nqyuqcs9r '()' '[]' '{}' '' 'toto' '([{}[{(()[])}()]]())(((([])))())'
$> diff -U 3 user_output_test5 test5.output | cat -e

Diff OK :D
= Test 6 ===================================================
$> ./3c4i440h1q4kvz905bulcyb4 '()[]{}' '([{}])[({})]{([])}'
$> diff -U 3 user_output_test6 test6.output | cat -e

Diff OK :D
= Test 7 ===================================================
$> ./4qy7480o6e14dg0h4fj4uips '(]' '{)' '[}' ')' '}' ')' '(' '{' '['
$> diff -U 3 user_output_test7 test7.output | cat -e

Diff OK :D
= Test 8 ===================================================
$> ./cqm8qvqr122h8xoljopehvmg '({)}' '[()]{}]' '])}' '([{' "(cette (trace n'a pas [de but precis]) {a part embeter (tout le monde)})"
$> diff -U 3 user_output_test8 test8.output | cat -e

Diff OK :D
Grade: 1

= Final grade: 1 ===============================================================
