= Host-specific information ====================================================
$> hostname; uname -msr
e2r13p5.unit.ua
Darwin 17.4.0 x86_64
$> date
Tue Feb 26 12:36:41 EET 2019
$> gcc --version
Configured with: --prefix=/Applications/Xcode.app/Contents/Developer/usr --with-gxx-include-dir=/usr/include/c++/4.2.1
Apple LLVM version 9.0.0 (clang-900.0.39.2)
Target: x86_64-apple-darwin17.4.0
Thread model: posix
InstalledDir: /Applications/Xcode.app/Contents/Developer/Toolchains/XcodeDefault.xctoolchain/usr/bin
$> clang --version
Apple LLVM version 9.0.0 (clang-900.0.39.2)
Target: x86_64-apple-darwin17.4.0
Thread model: posix
InstalledDir: /Applications/Xcode.app/Contents/Developer/Toolchains/XcodeDefault.xctoolchain/usr/bin

= User files collection ========================================================
Collecting user files from Vogsphere
Repository URL: auto-exam/2019/c-exam-alone-in-the-dark-beginner/exam_20190226/mdanylch

= Git history ==================================================================
$> git -C /var/folders/w0/_83n7c8x3816_my11dm90gk80000gp/T/tmpSQr7II/user log --pretty='%H - %an, %ad : %s'
689e9bbf58e62e3a37daf807e7df7ebdfb0577f5 - Exam 42, Tue Feb 26 12:35:30 2019 +0200 : i hope it good
 
= Collected files ==========================================
$> ls -lAR /var/folders/w0/_83n7c8x3816_my11dm90gk80000gp/T/tmpSQr7II/user
total 8
-rw-r--r--  1 deepthought  deepthought  260 Feb 26 12:36 __GIT_HISTORY
drwxr-xr-x  3 deepthought  deepthought  102 Feb 26 12:36 ft_split

/var/folders/w0/_83n7c8x3816_my11dm90gk80000gp/T/tmpSQr7II/user/ft_split:
total 8
-rw-r--r--  1 deepthought  deepthought  1764 Feb 26 12:36 ft_split.c
 
= ft_split =====================================================================
$> /usr/bin/norminette  ft_split.c | grep -E '^(Error|Warning)'

$> gcc -Wextra -Wall -Werror ft_split.c main.c -o user_exe 

= Test 1 ===================================================
$> ./zamylk5192s8loko84ucvnsk ""
$> diff -U 3 user_output_test1 test1.output | cat -e

Diff OK :D
= Test 2 ===================================================
$> ./uqcekcyjeadyzloxdiersi4k "		   "
$> diff -U 3 user_output_test2 test2.output | cat -e

Diff OK :D
= Test 3 ===================================================
$> ./iwnfu9v2a1a8tj98vjprp0he "

	 
  	  	"
$> diff -U 3 user_output_test3 test3.output | cat -e

Diff OK :D
= Test 4 ===================================================
$> ./7e8yukvlp9yewph8kf9b5i1w "Ofa25"
$> diff -U 3 user_output_test4 test4.output | cat -e

Diff OK :D
= Test 5 ===================================================
$> ./0sgcabn85kmkemqom62f1os8 "2QaPw7NgiUfXo9"
$> diff -U 3 user_output_test5 test5.output | cat -e

Diff OK :D
= Test 6 ===================================================
$> ./gilk31k1m9z247jlgqwva8ov "
 
	 fBdCjnu  	2YqNj	GFpz6r 		eE7PfHur6wYU

 
Hfe97pg  PXryR 
		 Vuwa7UvibD
 	iZE6hpcCi0r2   MWxH3XBLORzr5F
 
 "
$> diff -U 3 user_output_test6 test6.output | cat -e
--- user_output_test6	2019-02-26 12:36:44.000000000 +0200$
+++ test6.output	2019-02-26 12:36:44.000000000 +0200$
@@ -1,4 +1,4 @@$
-%^?$
+fBdCjnu$
 2YqNj$
 GFpz6r$
 eE7PfHur6wYU$

Diff KO :(
Grade: 0

= Final grade: 0 ===============================================================
